<?xml version="1.0" encoding="UTF-8"?>
<testng-results skipped="0" failed="0" ignored="0" total="1" passed="1">
  <reporter-output>
    <line>
      <![CDATA[backend EQuestionnaire For New And OldDocument working fine]]>
    </line>
  </reporter-output>
  <suite name="Default suite" duration-ms="62720" started-at="2022-01-29T06:30:59Z" finished-at="2022-01-29T06:32:01Z">
    <groups>
    </groups>
    <test name="Default test" duration-ms="62720" started-at="2022-01-29T06:30:59Z" finished-at="2022-01-29T06:32:01Z">
      <class name="com.LW.test.Checklist3And4">
        <test-method status="PASS" signature="openBrowser()[pri:0, instance:com.LW.test.Checklist3And4@382db087]" name="openBrowser" is-config="true" duration-ms="8366" started-at="2022-01-29T06:30:59Z" finished-at="2022-01-29T06:31:07Z">
          <reporter-output>
          </reporter-output>
        </test-method> <!-- openBrowser -->
        <test-method status="PASS" signature="login()[pri:0, instance:com.LW.test.Checklist3And4@382db087]" name="login" is-config="true" duration-ms="13359" started-at="2022-01-29T06:31:07Z" finished-at="2022-01-29T06:31:20Z">
          <reporter-output>
          </reporter-output>
        </test-method> <!-- login -->
        <test-method status="PASS" signature="Checklist3and4_backend_EQuestionnaireForNewAndOldDocument()[pri:2, instance:com.LW.test.Checklist3And4@382db087]" name="Checklist3and4_backend_EQuestionnaireForNewAndOldDocument" duration-ms="34725" started-at="2022-01-29T06:31:20Z" finished-at="2022-01-29T06:31:55Z">
          <reporter-output>
            <line>
              <![CDATA[backend EQuestionnaire For New And OldDocument working fine]]>
            </line>
          </reporter-output>
        </test-method> <!-- Checklist3and4_backend_EQuestionnaireForNewAndOldDocument -->
        <test-method status="PASS" signature="LWUtility(org.testng.ITestResult)[pri:0, instance:com.LW.test.Checklist3And4@382db087]" name="LWUtility" is-config="true" duration-ms="6" started-at="2022-01-29T06:31:55Z" finished-at="2022-01-29T06:31:55Z">
          <params>
            <param index="0">
              <value>
                <![CDATA[[TestResult name=Checklist3and4_backend_EQuestionnaireForNewAndOldDocument status=SUCCESS method=Checklist3And4.Checklist3and4_backend_EQuestionnaireForNewAndOldDocument()[pri:2, instance:com.LW.test.Checklist3And4@382db087] output=backend EQuestionnaire For New And OldDocument working fine]]]>
              </value>
            </param>
          </params>
          <reporter-output>
          </reporter-output>
        </test-method> <!-- LWUtility -->
        <test-method status="PASS" signature="logout()[pri:0, instance:com.LW.test.Checklist3And4@382db087]" name="logout" is-config="true" duration-ms="5279" started-at="2022-01-29T06:31:55Z" finished-at="2022-01-29T06:32:00Z">
          <reporter-output>
          </reporter-output>
        </test-method> <!-- logout -->
        <test-method status="PASS" signature="closeBrowser()[pri:0, instance:com.LW.test.Checklist3And4@382db087]" name="closeBrowser" is-config="true" duration-ms="963" started-at="2022-01-29T06:32:00Z" finished-at="2022-01-29T06:32:01Z">
          <reporter-output>
          </reporter-output>
        </test-method> <!-- closeBrowser -->
      </class> <!-- com.LW.test.Checklist3And4 -->
    </test> <!-- Default test -->
  </suite> <!-- Default suite -->
</testng-results>
