<?xml version="1.0" encoding="UTF-8"?>
<testng-results ignored="1" total="7" passed="4" failed="1" skipped="1">
  <reporter-output>
    <line>
      <![CDATA[Internal login working fine]]>
    </line>
    <line>
      <![CDATA[backend login working fine]]>
    </line>
    <line>
      <![CDATA[backend EQuestionnaire For New And OldDocument working fine]]>
    </line>
    <line>
      <![CDATA[Login as individual user,check the document till preview page woking fine]]>
    </line>
    <line>
      <![CDATA[Login as internal user,check the document till preview page woking fine]]>
    </line>
  </reporter-output>
  <suite started-at="2022-05-27T10:58:19 IST" name="Default suite" finished-at="2022-05-27T11:02:04 IST" duration-ms="225038">
    <groups>
      <group name="Smoke">
        <method signature="lwFullCheckList.Checklist1_InternalLogin()[pri:0, instance:com.LW.test.lwFullCheckList@2392212b]" name="Checklist1_InternalLogin" class="com.LW.test.lwFullCheckList"/>
        <method signature="lwFullCheckList.Checklist2_backend()[pri:1, instance:com.LW.test.lwFullCheckList@2392212b]" name="Checklist2_backend" class="com.LW.test.lwFullCheckList"/>
        <method signature="lwFullCheckList.Checklist3and4_backend_EQuestionnaireForNewAndOldDocument()[pri:2, instance:com.LW.test.lwFullCheckList@2392212b]" name="Checklist3and4_backend_EQuestionnaireForNewAndOldDocument" class="com.LW.test.lwFullCheckList"/>
        <method signature="lwFullCheckList.Checklist5_BackEndBasicFunctionality()[pri:6, instance:com.LW.test.lwFullCheckList@2392212b]" name="Checklist5_BackEndBasicFunctionality" class="com.LW.test.lwFullCheckList"/>
        <method signature="lwFullCheckList.Cheklist7_IndividualUser_TillPreviewPage()[pri:3, instance:com.LW.test.lwFullCheckList@2392212b]" name="Cheklist7_IndividualUser_TillPreviewPage" class="com.LW.test.lwFullCheckList"/>
        <method signature="lwFullCheckList.Cheklist8_InternalUser_TillPreviewPage()[pri:4, instance:com.LW.test.lwFullCheckList@2392212b]" name="Cheklist8_InternalUser_TillPreviewPage" class="com.LW.test.lwFullCheckList"/>
      </group> <!-- Smoke -->
    </groups>
    <test started-at="2022-05-27T10:58:19 IST" name="Default test" finished-at="2022-05-27T11:02:04 IST" duration-ms="225038">
      <class name="com.LW.test.lwFullCheckList">
        <test-method is-config="true" signature="openBrowser()[pri:0, instance:com.LW.test.lwFullCheckList@2392212b]" started-at="2022-05-27T10:58:19 IST" name="openBrowser" finished-at="2022-05-27T10:58:25 IST" duration-ms="6001" status="PASS">
          <reporter-output>
          </reporter-output>
        </test-method> <!-- openBrowser -->
        <test-method is-config="true" signature="login()[pri:0, instance:com.LW.test.lwFullCheckList@2392212b]" started-at="2022-05-27T10:58:25 IST" name="login" finished-at="2022-05-27T10:58:37 IST" duration-ms="11806" status="PASS">
          <reporter-output>
          </reporter-output>
        </test-method> <!-- login -->
        <test-method signature="Checklist1_InternalLogin()[pri:0, instance:com.LW.test.lwFullCheckList@2392212b]" started-at="2022-05-27T10:58:37 IST" name="Checklist1_InternalLogin" finished-at="2022-05-27T10:58:46 IST" duration-ms="8575" status="PASS">
          <reporter-output>
            <line>
              <![CDATA[Internal login working fine]]>
            </line>
          </reporter-output>
        </test-method> <!-- Checklist1_InternalLogin -->
        <test-method is-config="true" signature="logout()[pri:0, instance:com.LW.test.lwFullCheckList@2392212b]" started-at="2022-05-27T10:58:46 IST" name="logout" finished-at="2022-05-27T10:58:50 IST" duration-ms="4411" status="PASS">
          <reporter-output>
          </reporter-output>
        </test-method> <!-- logout -->
        <test-method is-config="true" signature="LWUtility(org.testng.ITestResult)[pri:0, instance:com.LW.test.lwFullCheckList@2392212b]" started-at="2022-05-27T10:58:46 IST" name="LWUtility" finished-at="2022-05-27T10:58:46 IST" duration-ms="0" status="PASS">
          <params>
            <param index="0">
              <value>
                <![CDATA[[TestResult name=Checklist1_InternalLogin status=SUCCESS method=lwFullCheckList.Checklist1_InternalLogin()[pri:0, instance:com.LW.test.lwFullCheckList@2392212b] output=Internal login working fine]]]>
              </value>
            </param>
          </params>
          <reporter-output>
          </reporter-output>
        </test-method> <!-- LWUtility -->
        <test-method is-config="true" signature="login()[pri:0, instance:com.LW.test.lwFullCheckList@2392212b]" started-at="2022-05-27T10:58:50 IST" name="login" finished-at="2022-05-27T10:59:03 IST" duration-ms="12578" status="PASS">
          <reporter-output>
          </reporter-output>
        </test-method> <!-- login -->
        <test-method signature="Checklist2_backend()[pri:1, instance:com.LW.test.lwFullCheckList@2392212b]" started-at="2022-05-27T10:59:03 IST" name="Checklist2_backend" finished-at="2022-05-27T10:59:16 IST" duration-ms="13115" status="PASS">
          <reporter-output>
            <line>
              <![CDATA[backend login working fine]]>
            </line>
          </reporter-output>
        </test-method> <!-- Checklist2_backend -->
        <test-method is-config="true" signature="LWUtility(org.testng.ITestResult)[pri:0, instance:com.LW.test.lwFullCheckList@2392212b]" started-at="2022-05-27T10:59:16 IST" name="LWUtility" finished-at="2022-05-27T10:59:16 IST" duration-ms="1" status="PASS">
          <params>
            <param index="0">
              <value>
                <![CDATA[[TestResult name=Checklist2_backend status=SUCCESS method=lwFullCheckList.Checklist2_backend()[pri:1, instance:com.LW.test.lwFullCheckList@2392212b] output=backend login working fine]]]>
              </value>
            </param>
          </params>
          <reporter-output>
          </reporter-output>
        </test-method> <!-- LWUtility -->
        <test-method is-config="true" signature="logout()[pri:0, instance:com.LW.test.lwFullCheckList@2392212b]" started-at="2022-05-27T10:59:16 IST" name="logout" finished-at="2022-05-27T10:59:21 IST" duration-ms="5131" status="PASS">
          <reporter-output>
          </reporter-output>
        </test-method> <!-- logout -->
        <test-method is-config="true" signature="login()[pri:0, instance:com.LW.test.lwFullCheckList@2392212b]" started-at="2022-05-27T10:59:21 IST" name="login" finished-at="2022-05-27T10:59:34 IST" duration-ms="12746" status="PASS">
          <reporter-output>
          </reporter-output>
        </test-method> <!-- login -->
        <test-method signature="Checklist3and4_backend_EQuestionnaireForNewAndOldDocument()[pri:2, instance:com.LW.test.lwFullCheckList@2392212b]" started-at="2022-05-27T10:59:34 IST" name="Checklist3and4_backend_EQuestionnaireForNewAndOldDocument" finished-at="2022-05-27T10:59:59 IST" duration-ms="25073" status="PASS">
          <reporter-output>
            <line>
              <![CDATA[backend EQuestionnaire For New And OldDocument working fine]]>
            </line>
          </reporter-output>
        </test-method> <!-- Checklist3and4_backend_EQuestionnaireForNewAndOldDocument -->
        <test-method is-config="true" signature="LWUtility(org.testng.ITestResult)[pri:0, instance:com.LW.test.lwFullCheckList@2392212b]" started-at="2022-05-27T10:59:59 IST" name="LWUtility" finished-at="2022-05-27T10:59:59 IST" duration-ms="0" status="PASS">
          <params>
            <param index="0">
              <value>
                <![CDATA[[TestResult name=Checklist3and4_backend_EQuestionnaireForNewAndOldDocument status=SUCCESS method=lwFullCheckList.Checklist3and4_backend_EQuestionnaireForNewAndOldDocument()[pri:2, instance:com.LW.test.lwFullCheckList@2392212b] output=backend EQuestionnaire For New And OldDocument working fine]]]>
              </value>
            </param>
          </params>
          <reporter-output>
          </reporter-output>
        </test-method> <!-- LWUtility -->
        <test-method is-config="true" signature="logout()[pri:0, instance:com.LW.test.lwFullCheckList@2392212b]" started-at="2022-05-27T10:59:59 IST" name="logout" finished-at="2022-05-27T11:00:07 IST" duration-ms="7760" status="PASS">
          <reporter-output>
          </reporter-output>
        </test-method> <!-- logout -->
        <test-method is-config="true" signature="login()[pri:0, instance:com.LW.test.lwFullCheckList@2392212b]" started-at="2022-05-27T11:00:07 IST" name="login" finished-at="2022-05-27T11:00:22 IST" duration-ms="15276" status="PASS">
          <reporter-output>
          </reporter-output>
        </test-method> <!-- login -->
        <test-method signature="Cheklist7_IndividualUser_TillPreviewPage()[pri:3, instance:com.LW.test.lwFullCheckList@2392212b]" started-at="2022-05-27T11:00:22 IST" name="Cheklist7_IndividualUser_TillPreviewPage" finished-at="2022-05-27T11:00:51 IST" duration-ms="29259" status="PASS">
          <reporter-output>
            <line>
              <![CDATA[Login as individual user,check the document till preview page woking fine]]>
            </line>
          </reporter-output>
        </test-method> <!-- Cheklist7_IndividualUser_TillPreviewPage -->
        <test-method is-config="true" signature="logout()[pri:0, instance:com.LW.test.lwFullCheckList@2392212b]" started-at="2022-05-27T11:00:51 IST" name="logout" finished-at="2022-05-27T11:00:56 IST" duration-ms="5241" status="PASS">
          <reporter-output>
          </reporter-output>
        </test-method> <!-- logout -->
        <test-method is-config="true" signature="LWUtility(org.testng.ITestResult)[pri:0, instance:com.LW.test.lwFullCheckList@2392212b]" started-at="2022-05-27T11:00:51 IST" name="LWUtility" finished-at="2022-05-27T11:00:51 IST" duration-ms="0" status="PASS">
          <params>
            <param index="0">
              <value>
                <![CDATA[[TestResult name=Cheklist7_IndividualUser_TillPreviewPage status=SUCCESS method=lwFullCheckList.Cheklist7_IndividualUser_TillPreviewPage()[pri:3, instance:com.LW.test.lwFullCheckList@2392212b] output=Login as individual user,check the document till preview page woking fine]]]>
              </value>
            </param>
          </params>
          <reporter-output>
          </reporter-output>
        </test-method> <!-- LWUtility -->
        <test-method is-config="true" signature="login()[pri:0, instance:com.LW.test.lwFullCheckList@2392212b]" started-at="2022-05-27T11:00:56 IST" name="login" finished-at="2022-05-27T11:01:10 IST" duration-ms="13868" status="PASS">
          <reporter-output>
          </reporter-output>
        </test-method> <!-- login -->
        <test-method signature="Cheklist8_InternalUser_TillPreviewPage()[pri:4, instance:com.LW.test.lwFullCheckList@2392212b]" started-at="2022-05-27T11:01:10 IST" name="Cheklist8_InternalUser_TillPreviewPage" finished-at="2022-05-27T11:01:33 IST" duration-ms="22574" status="FAIL">
          <exception class="org.openqa.selenium.ElementClickInterceptedException">
            <message>
              <![CDATA[element click intercepted: Element is not clickable at point (927, -776)
  (Session info: chrome=102.0.5005.61)
Build info: version: '3.141.59', revision: 'e82be7d358', time: '2018-11-14T08:17:03'
System info: host: 'DESKTOP-IEHN5CK', ip: '192.168.1.166', os.name: 'Windows 10', os.arch: 'amd64', os.version: '10.0', java.version: '17'
Driver info: org.openqa.selenium.chrome.ChromeDriver
Capabilities {acceptInsecureCerts: false, browserName: chrome, browserVersion: 102.0.5005.61, chrome: {chromedriverVersion: 102.0.5005.61 (0e59bcc00cc4..., userDataDir: C:\Users\Active37\AppData\L...}, goog:chromeOptions: {debuggerAddress: localhost:54541}, javascriptEnabled: true, networkConnectionEnabled: false, pageLoadStrategy: normal, platform: WINDOWS, platformName: WINDOWS, proxy: Proxy(), setWindowRect: true, strictFileInteractability: false, timeouts: {implicit: 0, pageLoad: 300000, script: 30000}, unhandledPromptBehavior: dismiss and notify, webauthn:extension:credBlob: true, webauthn:extension:largeBlob: true, webauthn:virtualAuthenticators: true}
Session ID: 432e033fe59672ce3fe2f6d43e7e9a7f]]>
            </message>
            <full-stacktrace>
              <![CDATA[org.openqa.selenium.ElementClickInterceptedException: element click intercepted: Element is not clickable at point (927, -776)
  (Session info: chrome=102.0.5005.61)
Build info: version: '3.141.59', revision: 'e82be7d358', time: '2018-11-14T08:17:03'
System info: host: 'DESKTOP-IEHN5CK', ip: '192.168.1.166', os.name: 'Windows 10', os.arch: 'amd64', os.version: '10.0', java.version: '17'
Driver info: org.openqa.selenium.chrome.ChromeDriver
Capabilities {acceptInsecureCerts: false, browserName: chrome, browserVersion: 102.0.5005.61, chrome: {chromedriverVersion: 102.0.5005.61 (0e59bcc00cc4..., userDataDir: C:\Users\Active37\AppData\L...}, goog:chromeOptions: {debuggerAddress: localhost:54541}, javascriptEnabled: true, networkConnectionEnabled: false, pageLoadStrategy: normal, platform: WINDOWS, platformName: WINDOWS, proxy: Proxy(), setWindowRect: true, strictFileInteractability: false, timeouts: {implicit: 0, pageLoad: 300000, script: 30000}, unhandledPromptBehavior: dismiss and notify, webauthn:extension:credBlob: true, webauthn:extension:largeBlob: true, webauthn:virtualAuthenticators: true}
Session ID: 432e033fe59672ce3fe2f6d43e7e9a7f
at java.base/jdk.internal.reflect.NativeConstructorAccessorImpl.newInstance0(Native Method)
at java.base/jdk.internal.reflect.NativeConstructorAccessorImpl.newInstance(NativeConstructorAccessorImpl.java:77)
at java.base/jdk.internal.reflect.DelegatingConstructorAccessorImpl.newInstance(DelegatingConstructorAccessorImpl.java:45)
at java.base/java.lang.reflect.Constructor.newInstanceWithCaller(Constructor.java:499)
at java.base/java.lang.reflect.Constructor.newInstance(Constructor.java:480)
at org.openqa.selenium.remote.http.W3CHttpResponseCodec.createException(W3CHttpResponseCodec.java:187)
at org.openqa.selenium.remote.http.W3CHttpResponseCodec.decode(W3CHttpResponseCodec.java:122)
at org.openqa.selenium.remote.http.W3CHttpResponseCodec.decode(W3CHttpResponseCodec.java:49)
at org.openqa.selenium.remote.HttpCommandExecutor.execute(HttpCommandExecutor.java:158)
at org.openqa.selenium.remote.service.DriverCommandExecutor.execute(DriverCommandExecutor.java:83)
at org.openqa.selenium.remote.RemoteWebDriver.execute(RemoteWebDriver.java:552)
at org.openqa.selenium.remote.RemoteWebElement.execute(RemoteWebElement.java:285)
at org.openqa.selenium.remote.RemoteWebElement.click(RemoteWebElement.java:84)
at jdk.internal.reflect.GeneratedMethodAccessor1.invoke(Unknown Source)
at java.base/jdk.internal.reflect.DelegatingMethodAccessorImpl.invoke(DelegatingMethodAccessorImpl.java:43)
at java.base/java.lang.reflect.Method.invoke(Method.java:568)
at org.openqa.selenium.support.pagefactory.internal.LocatingElementHandler.invoke(LocatingElementHandler.java:51)
at jdk.proxy2/jdk.proxy2.$Proxy14.click(Unknown Source)
at com.LW.Pom.Document.ProceedtoPurchaseButton(Document.java:55)
at com.LW.test.lwFullCheckList.Cheklist8_InternalUser_TillPreviewPage(lwFullCheckList.java:434)
at java.base/jdk.internal.reflect.NativeMethodAccessorImpl.invoke0(Native Method)
at java.base/jdk.internal.reflect.NativeMethodAccessorImpl.invoke(NativeMethodAccessorImpl.java:77)
at java.base/jdk.internal.reflect.DelegatingMethodAccessorImpl.invoke(DelegatingMethodAccessorImpl.java:43)
at java.base/java.lang.reflect.Method.invoke(Method.java:568)
at org.testng.internal.MethodInvocationHelper.invokeMethod(MethodInvocationHelper.java:133)
at org.testng.internal.TestInvoker.invokeMethod(TestInvoker.java:598)
at org.testng.internal.TestInvoker.invokeTestMethod(TestInvoker.java:173)
at org.testng.internal.MethodRunner.runInSequence(MethodRunner.java:46)
at org.testng.internal.TestInvoker$MethodInvocationAgent.invoke(TestInvoker.java:824)
at org.testng.internal.TestInvoker.invokeTestMethods(TestInvoker.java:146)
at org.testng.internal.TestMethodWorker.invokeTestMethods(TestMethodWorker.java:146)
at org.testng.internal.TestMethodWorker.run(TestMethodWorker.java:128)
at java.base/java.util.ArrayList.forEach(ArrayList.java:1511)
at org.testng.TestRunner.privateRun(TestRunner.java:794)
at org.testng.TestRunner.run(TestRunner.java:596)
at org.testng.SuiteRunner.runTest(SuiteRunner.java:377)
at org.testng.SuiteRunner.runSequentially(SuiteRunner.java:371)
at org.testng.SuiteRunner.privateRun(SuiteRunner.java:332)
at org.testng.SuiteRunner.run(SuiteRunner.java:276)
at org.testng.SuiteRunnerWorker.runSuite(SuiteRunnerWorker.java:53)
at org.testng.SuiteRunnerWorker.run(SuiteRunnerWorker.java:96)
at org.testng.TestNG.runSuitesSequentially(TestNG.java:1212)
at org.testng.TestNG.runSuitesLocally(TestNG.java:1134)
at org.testng.TestNG.runSuites(TestNG.java:1063)
at org.testng.TestNG.run(TestNG.java:1031)
at org.testng.remote.AbstractRemoteTestNG.run(AbstractRemoteTestNG.java:115)
at org.testng.remote.RemoteTestNG.initAndRun(RemoteTestNG.java:251)
at org.testng.remote.RemoteTestNG.main(RemoteTestNG.java:77)
]]>
            </full-stacktrace>
          </exception> <!-- org.openqa.selenium.ElementClickInterceptedException -->
          <reporter-output>
            <line>
              <![CDATA[Login as internal user,check the document till preview page woking fine]]>
            </line>
          </reporter-output>
        </test-method> <!-- Cheklist8_InternalUser_TillPreviewPage -->
        <test-method is-config="true" signature="LWUtility(org.testng.ITestResult)[pri:0, instance:com.LW.test.lwFullCheckList@2392212b]" started-at="2022-05-27T11:01:33 IST" name="LWUtility" finished-at="2022-05-27T11:01:33 IST" duration-ms="130" status="PASS">
          <params>
            <param index="0">
              <value>
                <![CDATA[[TestResult name=Cheklist8_InternalUser_TillPreviewPage status=FAILURE method=lwFullCheckList.Cheklist8_InternalUser_TillPreviewPage()[pri:4, instance:com.LW.test.lwFullCheckList@2392212b] output=Login as internal user,check the document till preview page woking fine]]]>
              </value>
            </param>
          </params>
          <reporter-output>
          </reporter-output>
        </test-method> <!-- LWUtility -->
        <test-method is-config="true" signature="logout()[pri:0, instance:com.LW.test.lwFullCheckList@2392212b]" started-at="2022-05-27T11:01:33 IST" name="logout" finished-at="2022-05-27T11:02:03 IST" duration-ms="30409" status="FAIL">
          <exception class="org.openqa.selenium.NoSuchElementException">
            <message>
              <![CDATA[no such element: Unable to locate element: {"method":"xpath","selector":"//a[.="Sign Out"]"}
  (Session info: chrome=102.0.5005.61)
For documentation on this error, please visit: https://www.seleniumhq.org/exceptions/no_such_element.html
Build info: version: '3.141.59', revision: 'e82be7d358', time: '2018-11-14T08:17:03'
System info: host: 'DESKTOP-IEHN5CK', ip: '192.168.1.166', os.name: 'Windows 10', os.arch: 'amd64', os.version: '10.0', java.version: '17'
Driver info: org.openqa.selenium.chrome.ChromeDriver
Capabilities {acceptInsecureCerts: false, browserName: chrome, browserVersion: 102.0.5005.61, chrome: {chromedriverVersion: 102.0.5005.61 (0e59bcc00cc4..., userDataDir: C:\Users\Active37\AppData\L...}, goog:chromeOptions: {debuggerAddress: localhost:54541}, javascriptEnabled: true, networkConnectionEnabled: false, pageLoadStrategy: normal, platform: WINDOWS, platformName: WINDOWS, proxy: Proxy(), setWindowRect: true, strictFileInteractability: false, timeouts: {implicit: 0, pageLoad: 300000, script: 30000}, unhandledPromptBehavior: dismiss and notify, webauthn:extension:credBlob: true, webauthn:extension:largeBlob: true, webauthn:virtualAuthenticators: true}
Session ID: 432e033fe59672ce3fe2f6d43e7e9a7f
*** Element info: {Using=xpath, value=//a[.="Sign Out"]}]]>
            </message>
            <full-stacktrace>
              <![CDATA[org.openqa.selenium.NoSuchElementException: no such element: Unable to locate element: {"method":"xpath","selector":"//a[.="Sign Out"]"}
  (Session info: chrome=102.0.5005.61)
For documentation on this error, please visit: https://www.seleniumhq.org/exceptions/no_such_element.html
Build info: version: '3.141.59', revision: 'e82be7d358', time: '2018-11-14T08:17:03'
System info: host: 'DESKTOP-IEHN5CK', ip: '192.168.1.166', os.name: 'Windows 10', os.arch: 'amd64', os.version: '10.0', java.version: '17'
Driver info: org.openqa.selenium.chrome.ChromeDriver
Capabilities {acceptInsecureCerts: false, browserName: chrome, browserVersion: 102.0.5005.61, chrome: {chromedriverVersion: 102.0.5005.61 (0e59bcc00cc4..., userDataDir: C:\Users\Active37\AppData\L...}, goog:chromeOptions: {debuggerAddress: localhost:54541}, javascriptEnabled: true, networkConnectionEnabled: false, pageLoadStrategy: normal, platform: WINDOWS, platformName: WINDOWS, proxy: Proxy(), setWindowRect: true, strictFileInteractability: false, timeouts: {implicit: 0, pageLoad: 300000, script: 30000}, unhandledPromptBehavior: dismiss and notify, webauthn:extension:credBlob: true, webauthn:extension:largeBlob: true, webauthn:virtualAuthenticators: true}
Session ID: 432e033fe59672ce3fe2f6d43e7e9a7f
*** Element info: {Using=xpath, value=//a[.="Sign Out"]}
at java.base/jdk.internal.reflect.NativeConstructorAccessorImpl.newInstance0(Native Method)
at java.base/jdk.internal.reflect.NativeConstructorAccessorImpl.newInstance(NativeConstructorAccessorImpl.java:77)
at java.base/jdk.internal.reflect.DelegatingConstructorAccessorImpl.newInstance(DelegatingConstructorAccessorImpl.java:45)
at java.base/java.lang.reflect.Constructor.newInstanceWithCaller(Constructor.java:499)
at java.base/java.lang.reflect.Constructor.newInstance(Constructor.java:480)
at org.openqa.selenium.remote.http.W3CHttpResponseCodec.createException(W3CHttpResponseCodec.java:187)
at org.openqa.selenium.remote.http.W3CHttpResponseCodec.decode(W3CHttpResponseCodec.java:122)
at org.openqa.selenium.remote.http.W3CHttpResponseCodec.decode(W3CHttpResponseCodec.java:49)
at org.openqa.selenium.remote.HttpCommandExecutor.execute(HttpCommandExecutor.java:158)
at org.openqa.selenium.remote.service.DriverCommandExecutor.execute(DriverCommandExecutor.java:83)
at org.openqa.selenium.remote.RemoteWebDriver.execute(RemoteWebDriver.java:552)
at org.openqa.selenium.remote.RemoteWebDriver.findElement(RemoteWebDriver.java:323)
at org.openqa.selenium.remote.RemoteWebDriver.findElementByXPath(RemoteWebDriver.java:428)
at org.openqa.selenium.By$ByXPath.findElement(By.java:353)
at org.openqa.selenium.remote.RemoteWebDriver.findElement(RemoteWebDriver.java:315)
at com.LW.generics.LWBaseClass.logout(LWBaseClass.java:216)
at java.base/jdk.internal.reflect.NativeMethodAccessorImpl.invoke0(Native Method)
at java.base/jdk.internal.reflect.NativeMethodAccessorImpl.invoke(NativeMethodAccessorImpl.java:77)
at java.base/jdk.internal.reflect.DelegatingMethodAccessorImpl.invoke(DelegatingMethodAccessorImpl.java:43)
at java.base/java.lang.reflect.Method.invoke(Method.java:568)
at org.testng.internal.MethodInvocationHelper.invokeMethod(MethodInvocationHelper.java:133)
at org.testng.internal.MethodInvocationHelper.invokeMethodConsideringTimeout(MethodInvocationHelper.java:62)
at org.testng.internal.ConfigInvoker.invokeConfigurationMethod(ConfigInvoker.java:385)
at org.testng.internal.ConfigInvoker.invokeConfigurations(ConfigInvoker.java:321)
at org.testng.internal.TestInvoker.runConfigMethods(TestInvoker.java:700)
at org.testng.internal.TestInvoker.runAfterGroupsConfigurations(TestInvoker.java:676)
at org.testng.internal.TestInvoker.invokeMethod(TestInvoker.java:660)
at org.testng.internal.TestInvoker.invokeTestMethod(TestInvoker.java:173)
at org.testng.internal.MethodRunner.runInSequence(MethodRunner.java:46)
at org.testng.internal.TestInvoker$MethodInvocationAgent.invoke(TestInvoker.java:824)
at org.testng.internal.TestInvoker.invokeTestMethods(TestInvoker.java:146)
at org.testng.internal.TestMethodWorker.invokeTestMethods(TestMethodWorker.java:146)
at org.testng.internal.TestMethodWorker.run(TestMethodWorker.java:128)
at java.base/java.util.ArrayList.forEach(ArrayList.java:1511)
at org.testng.TestRunner.privateRun(TestRunner.java:794)
at org.testng.TestRunner.run(TestRunner.java:596)
at org.testng.SuiteRunner.runTest(SuiteRunner.java:377)
at org.testng.SuiteRunner.runSequentially(SuiteRunner.java:371)
at org.testng.SuiteRunner.privateRun(SuiteRunner.java:332)
at org.testng.SuiteRunner.run(SuiteRunner.java:276)
at org.testng.SuiteRunnerWorker.runSuite(SuiteRunnerWorker.java:53)
at org.testng.SuiteRunnerWorker.run(SuiteRunnerWorker.java:96)
at org.testng.TestNG.runSuitesSequentially(TestNG.java:1212)
at org.testng.TestNG.runSuitesLocally(TestNG.java:1134)
at org.testng.TestNG.runSuites(TestNG.java:1063)
at org.testng.TestNG.run(TestNG.java:1031)
at org.testng.remote.AbstractRemoteTestNG.run(AbstractRemoteTestNG.java:115)
at org.testng.remote.RemoteTestNG.initAndRun(RemoteTestNG.java:251)
at org.testng.remote.RemoteTestNG.main(RemoteTestNG.java:77)
]]>
            </full-stacktrace>
          </exception> <!-- org.openqa.selenium.NoSuchElementException -->
          <reporter-output>
          </reporter-output>
        </test-method> <!-- logout -->
        <test-method is-config="true" signature="login()[pri:0, instance:com.LW.test.lwFullCheckList@2392212b]" started-at="2022-05-27T11:02:03 IST" name="login" finished-at="1970-01-01T05:30:00 IST" duration-ms="-1653629523808" status="SKIP">
          <reporter-output>
          </reporter-output>
        </test-method> <!-- login -->
        <test-method is-config="true" signature="LWUtility(org.testng.ITestResult)[pri:0, instance:com.LW.test.lwFullCheckList@2392212b]" started-at="2022-05-27T11:02:03 IST" name="LWUtility" finished-at="1970-01-01T05:30:00 IST" duration-ms="-1653629523824" status="SKIP">
          <reporter-output>
          </reporter-output>
        </test-method> <!-- LWUtility -->
        <test-method is-config="true" signature="closeBrowser()[pri:0, instance:com.LW.test.lwFullCheckList@2392212b]" started-at="2022-05-27T11:02:03 IST" name="closeBrowser" finished-at="2022-05-27T11:02:04 IST" duration-ms="1043" status="PASS">
          <reporter-output>
          </reporter-output>
        </test-method> <!-- closeBrowser -->
        <test-method signature="Checklist5_BackEndBasicFunctionality()[pri:6, instance:com.LW.test.lwFullCheckList@2392212b]" started-at="2022-05-27T11:02:03 IST" name="Checklist5_BackEndBasicFunctionality" finished-at="2022-05-27T11:02:03 IST" duration-ms="0" status="SKIP">
          <exception class="org.openqa.selenium.NoSuchElementException">
            <message>
              <![CDATA[no such element: Unable to locate element: {"method":"xpath","selector":"//a[.="Sign Out"]"}
  (Session info: chrome=102.0.5005.61)
For documentation on this error, please visit: https://www.seleniumhq.org/exceptions/no_such_element.html
Build info: version: '3.141.59', revision: 'e82be7d358', time: '2018-11-14T08:17:03'
System info: host: 'DESKTOP-IEHN5CK', ip: '192.168.1.166', os.name: 'Windows 10', os.arch: 'amd64', os.version: '10.0', java.version: '17'
Driver info: org.openqa.selenium.chrome.ChromeDriver
Capabilities {acceptInsecureCerts: false, browserName: chrome, browserVersion: 102.0.5005.61, chrome: {chromedriverVersion: 102.0.5005.61 (0e59bcc00cc4..., userDataDir: C:\Users\Active37\AppData\L...}, goog:chromeOptions: {debuggerAddress: localhost:54541}, javascriptEnabled: true, networkConnectionEnabled: false, pageLoadStrategy: normal, platform: WINDOWS, platformName: WINDOWS, proxy: Proxy(), setWindowRect: true, strictFileInteractability: false, timeouts: {implicit: 0, pageLoad: 300000, script: 30000}, unhandledPromptBehavior: dismiss and notify, webauthn:extension:credBlob: true, webauthn:extension:largeBlob: true, webauthn:virtualAuthenticators: true}
Session ID: 432e033fe59672ce3fe2f6d43e7e9a7f
*** Element info: {Using=xpath, value=//a[.="Sign Out"]}]]>
            </message>
            <full-stacktrace>
              <![CDATA[org.openqa.selenium.NoSuchElementException: no such element: Unable to locate element: {"method":"xpath","selector":"//a[.="Sign Out"]"}
  (Session info: chrome=102.0.5005.61)
For documentation on this error, please visit: https://www.seleniumhq.org/exceptions/no_such_element.html
Build info: version: '3.141.59', revision: 'e82be7d358', time: '2018-11-14T08:17:03'
System info: host: 'DESKTOP-IEHN5CK', ip: '192.168.1.166', os.name: 'Windows 10', os.arch: 'amd64', os.version: '10.0', java.version: '17'
Driver info: org.openqa.selenium.chrome.ChromeDriver
Capabilities {acceptInsecureCerts: false, browserName: chrome, browserVersion: 102.0.5005.61, chrome: {chromedriverVersion: 102.0.5005.61 (0e59bcc00cc4..., userDataDir: C:\Users\Active37\AppData\L...}, goog:chromeOptions: {debuggerAddress: localhost:54541}, javascriptEnabled: true, networkConnectionEnabled: false, pageLoadStrategy: normal, platform: WINDOWS, platformName: WINDOWS, proxy: Proxy(), setWindowRect: true, strictFileInteractability: false, timeouts: {implicit: 0, pageLoad: 300000, script: 30000}, unhandledPromptBehavior: dismiss and notify, webauthn:extension:credBlob: true, webauthn:extension:largeBlob: true, webauthn:virtualAuthenticators: true}
Session ID: 432e033fe59672ce3fe2f6d43e7e9a7f
*** Element info: {Using=xpath, value=//a[.="Sign Out"]}
at java.base/jdk.internal.reflect.NativeConstructorAccessorImpl.newInstance0(Native Method)
at java.base/jdk.internal.reflect.NativeConstructorAccessorImpl.newInstance(NativeConstructorAccessorImpl.java:77)
at java.base/jdk.internal.reflect.DelegatingConstructorAccessorImpl.newInstance(DelegatingConstructorAccessorImpl.java:45)
at java.base/java.lang.reflect.Constructor.newInstanceWithCaller(Constructor.java:499)
at java.base/java.lang.reflect.Constructor.newInstance(Constructor.java:480)
at org.openqa.selenium.remote.http.W3CHttpResponseCodec.createException(W3CHttpResponseCodec.java:187)
at org.openqa.selenium.remote.http.W3CHttpResponseCodec.decode(W3CHttpResponseCodec.java:122)
at org.openqa.selenium.remote.http.W3CHttpResponseCodec.decode(W3CHttpResponseCodec.java:49)
at org.openqa.selenium.remote.HttpCommandExecutor.execute(HttpCommandExecutor.java:158)
at org.openqa.selenium.remote.service.DriverCommandExecutor.execute(DriverCommandExecutor.java:83)
at org.openqa.selenium.remote.RemoteWebDriver.execute(RemoteWebDriver.java:552)
at org.openqa.selenium.remote.RemoteWebDriver.findElement(RemoteWebDriver.java:323)
at org.openqa.selenium.remote.RemoteWebDriver.findElementByXPath(RemoteWebDriver.java:428)
at org.openqa.selenium.By$ByXPath.findElement(By.java:353)
at org.openqa.selenium.remote.RemoteWebDriver.findElement(RemoteWebDriver.java:315)
at com.LW.generics.LWBaseClass.logout(LWBaseClass.java:216)
at java.base/jdk.internal.reflect.NativeMethodAccessorImpl.invoke0(Native Method)
at java.base/jdk.internal.reflect.NativeMethodAccessorImpl.invoke(NativeMethodAccessorImpl.java:77)
at java.base/jdk.internal.reflect.DelegatingMethodAccessorImpl.invoke(DelegatingMethodAccessorImpl.java:43)
at java.base/java.lang.reflect.Method.invoke(Method.java:568)
at org.testng.internal.MethodInvocationHelper.invokeMethod(MethodInvocationHelper.java:133)
at org.testng.internal.MethodInvocationHelper.invokeMethodConsideringTimeout(MethodInvocationHelper.java:62)
at org.testng.internal.ConfigInvoker.invokeConfigurationMethod(ConfigInvoker.java:385)
at org.testng.internal.ConfigInvoker.invokeConfigurations(ConfigInvoker.java:321)
at org.testng.internal.TestInvoker.runConfigMethods(TestInvoker.java:700)
at org.testng.internal.TestInvoker.runAfterGroupsConfigurations(TestInvoker.java:676)
at org.testng.internal.TestInvoker.invokeMethod(TestInvoker.java:660)
at org.testng.internal.TestInvoker.invokeTestMethod(TestInvoker.java:173)
at org.testng.internal.MethodRunner.runInSequence(MethodRunner.java:46)
at org.testng.internal.TestInvoker$MethodInvocationAgent.invoke(TestInvoker.java:824)
at org.testng.internal.TestInvoker.invokeTestMethods(TestInvoker.java:146)
at org.testng.internal.TestMethodWorker.invokeTestMethods(TestMethodWorker.java:146)
at org.testng.internal.TestMethodWorker.run(TestMethodWorker.java:128)
at java.base/java.util.ArrayList.forEach(ArrayList.java:1511)
at org.testng.TestRunner.privateRun(TestRunner.java:794)
at org.testng.TestRunner.run(TestRunner.java:596)
at org.testng.SuiteRunner.runTest(SuiteRunner.java:377)
at org.testng.SuiteRunner.runSequentially(SuiteRunner.java:371)
at org.testng.SuiteRunner.privateRun(SuiteRunner.java:332)
at org.testng.SuiteRunner.run(SuiteRunner.java:276)
at org.testng.SuiteRunnerWorker.runSuite(SuiteRunnerWorker.java:53)
at org.testng.SuiteRunnerWorker.run(SuiteRunnerWorker.java:96)
at org.testng.TestNG.runSuitesSequentially(TestNG.java:1212)
at org.testng.TestNG.runSuitesLocally(TestNG.java:1134)
at org.testng.TestNG.runSuites(TestNG.java:1063)
at org.testng.TestNG.run(TestNG.java:1031)
at org.testng.remote.AbstractRemoteTestNG.run(AbstractRemoteTestNG.java:115)
at org.testng.remote.RemoteTestNG.initAndRun(RemoteTestNG.java:251)
at org.testng.remote.RemoteTestNG.main(RemoteTestNG.java:77)
]]>
            </full-stacktrace>
          </exception> <!-- org.openqa.selenium.NoSuchElementException -->
          <reporter-output>
          </reporter-output>
        </test-method> <!-- Checklist5_BackEndBasicFunctionality -->
        <test-method is-config="true" signature="logout()[pri:0, instance:com.LW.test.lwFullCheckList@2392212b]" started-at="2022-05-27T11:02:03 IST" name="logout" finished-at="1970-01-01T05:30:00 IST" duration-ms="-1653629523824" status="SKIP">
          <reporter-output>
          </reporter-output>
        </test-method> <!-- logout -->
      </class> <!-- com.LW.test.lwFullCheckList -->
    </test> <!-- Default test -->
  </suite> <!-- Default suite -->
</testng-results>
