<?xml version="1.0" encoding="UTF-8"?>
<!-- Generated by org.testng.reporters.JUnitXMLReporter -->
<testsuite ignored="1" hostname="ActiveMac03s-iMac.local" failures="6" tests="6" name="Test" time="0.161" errors="0" timestamp="2022-03-15T12:12:25 IST">
  <testcase classname="com.LW.test.lwFullCheckList" name="Checklist1_InternalLogin" time="0.017">
    <failure type="java.lang.NullPointerException">
      <![CDATA[java.lang.NullPointerException
at com.LW.test.lwFullCheckList.Checklist1_InternalLogin(lwFullCheckList.java:43)
at java.base/java.util.ArrayList.forEach(ArrayList.java:1541)
... Removed 27 stack frames]]>
    </failure>
  </testcase> <!-- Checklist1_InternalLogin -->
  <testcase classname="com.LW.test.lwFullCheckList" name="Checklist2_backend" time="0.002">
    <failure type="java.lang.NullPointerException">
      <![CDATA[java.lang.NullPointerException
at com.LW.test.lwFullCheckList.Checklist2_backend(lwFullCheckList.java:69)
at java.base/java.util.ArrayList.forEach(ArrayList.java:1541)
... Removed 27 stack frames]]>
    </failure>
  </testcase> <!-- Checklist2_backend -->
  <testcase classname="com.LW.test.lwFullCheckList" name="Checklist3and4_backend_EQuestionnaireForNewAndOldDocument" time="0.002">
    <failure type="java.lang.NullPointerException">
      <![CDATA[java.lang.NullPointerException
at com.LW.test.lwFullCheckList.Checklist3and4_backend_EQuestionnaireForNewAndOldDocument(lwFullCheckList.java:112)
at java.base/java.util.ArrayList.forEach(ArrayList.java:1541)
... Removed 27 stack frames]]>
    </failure>
  </testcase> <!-- Checklist3and4_backend_EQuestionnaireForNewAndOldDocument -->
  <testcase classname="com.LW.test.lwFullCheckList" name="Cheklist7_IndividualUser_TillPreviewPage" time="0.003">
    <failure type="java.lang.NullPointerException">
      <![CDATA[java.lang.NullPointerException
at com.LW.test.lwFullCheckList.Cheklist7_IndividualUser_TillPreviewPage(lwFullCheckList.java:326)
at java.base/java.util.ArrayList.forEach(ArrayList.java:1541)
... Removed 27 stack frames]]>
    </failure>
  </testcase> <!-- Cheklist7_IndividualUser_TillPreviewPage -->
  <testcase classname="com.LW.test.lwFullCheckList" name="Cheklist8_InternalUser_TillPreviewPage" time="0.004">
    <failure type="java.lang.NullPointerException">
      <![CDATA[java.lang.NullPointerException
at com.LW.test.lwFullCheckList.Cheklist8_InternalUser_TillPreviewPage(lwFullCheckList.java:360)
at java.base/java.util.ArrayList.forEach(ArrayList.java:1541)
... Removed 27 stack frames]]>
    </failure>
  </testcase> <!-- Cheklist8_InternalUser_TillPreviewPage -->
  <testcase classname="com.LW.test.lwFullCheckList" name="Checklist5_BackEndBasicFunctionality" time="0.01">
    <failure type="java.lang.NullPointerException">
      <![CDATA[java.lang.NullPointerException
at com.LW.test.lwFullCheckList.Checklist5_BackEndBasicFunctionality(lwFullCheckList.java:156)
at java.base/java.util.ArrayList.forEach(ArrayList.java:1541)
... Removed 27 stack frames]]>
    </failure>
  </testcase> <!-- Checklist5_BackEndBasicFunctionality -->
  <testcase classname="com.LW.test.lwFullCheckList" name="TestMyAccount" time="0.0">
    <ignored/>
  </testcase> <!-- TestMyAccount -->
</testsuite> <!-- Test -->
